<?xml version="1.0" encoding="UTF-8"?>
<!-- Generated by org.testng.reporters.JUnitXMLReporter -->
<testsuite hostname="KFT-TECH-18" ignored="0" name="Default test(failed)" tests="9" failures="9" timestamp="31 May 2019 06:25:06 GMT" time="32.707" errors="0">
  <testcase name="userLogin" time="3.515" classname="TestCases.LoginDataProvider">
    <failure type="java.lang.AssertionError" message="expected [http://devops-deve.kifiya.et:8082/mfs-admin/dashboard?loggedInUserName=mfs&amp;amp;appicationVersion=Build+Version%3A+1.1.0] but found [http://devops-deve.kifiya.et:8082/mfs-admin/]">
      <![CDATA[java.lang.AssertionError: expected [http://devops-deve.kifiya.et:8082/mfs-admin/dashboard?loggedInUserName=mfs&appicationVersion=Build+Version%3A+1.1.0] but found [http://devops-deve.kifiya.et:8082/mfs-admin/]
at TestCases.LoginDataProvider.userLogin(LoginDataProvider.java:57)
... Removed 31 stack frames]]>
    </failure>
  </testcase> <!-- userLogin -->
  <testcase name="userLogin" time="3.245" classname="TestCases.LoginDataProvider">
    <failure type="java.lang.AssertionError" message="expected [http://devops-deve.kifiya.et:8082/mfs-admin/dashboard?loggedInUserName=mfs&amp;amp;appicationVersion=Build+Version%3A+1.1.0] but found [http://devops-deve.kifiya.et:8082/mfs-admin/]">
      <![CDATA[java.lang.AssertionError: expected [http://devops-deve.kifiya.et:8082/mfs-admin/dashboard?loggedInUserName=mfs&appicationVersion=Build+Version%3A+1.1.0] but found [http://devops-deve.kifiya.et:8082/mfs-admin/]
at TestCases.LoginDataProvider.userLogin(LoginDataProvider.java:57)
... Removed 31 stack frames]]>
    </failure>
  </testcase> <!-- userLogin -->
  <testcase name="userLogin" time="2.419" classname="TestCases.LoginDataProvider">
    <failure type="java.lang.AssertionError" message="expected [http://devops-deve.kifiya.et:8082/mfs-admin/dashboard?loggedInUserName=mfs&amp;amp;appicationVersion=Build+Version%3A+1.1.0] but found [http://devops-deve.kifiya.et:8082/mfs-admin/]">
      <![CDATA[java.lang.AssertionError: expected [http://devops-deve.kifiya.et:8082/mfs-admin/dashboard?loggedInUserName=mfs&appicationVersion=Build+Version%3A+1.1.0] but found [http://devops-deve.kifiya.et:8082/mfs-admin/]
at TestCases.LoginDataProvider.userLogin(LoginDataProvider.java:57)
... Removed 31 stack frames]]>
    </failure>
  </testcase> <!-- userLogin -->
  <testcase name="userLogin" time="2.41" classname="TestCases.LoginDataProvider">
    <failure type="java.lang.AssertionError" message="expected [http://devops-deve.kifiya.et:8082/mfs-admin/dashboard?loggedInUserName=mfs&amp;amp;appicationVersion=Build+Version%3A+1.1.0] but found [http://devops-deve.kifiya.et:8082/mfs-admin/]">
      <![CDATA[java.lang.AssertionError: expected [http://devops-deve.kifiya.et:8082/mfs-admin/dashboard?loggedInUserName=mfs&appicationVersion=Build+Version%3A+1.1.0] but found [http://devops-deve.kifiya.et:8082/mfs-admin/]
at TestCases.LoginDataProvider.userLogin(LoginDataProvider.java:57)
... Removed 31 stack frames]]>
    </failure>
  </testcase> <!-- userLogin -->
  <testcase name="userLogin" time="2.73" classname="TestCases.LoginDataProvider">
    <failure type="java.lang.AssertionError" message="expected [http://devops-deve.kifiya.et:8082/mfs-admin/dashboard?loggedInUserName=mfs&amp;amp;appicationVersion=Build+Version%3A+1.1.0] but found [http://devops-deve.kifiya.et:8082/mfs-admin/authenticate]">
      <![CDATA[java.lang.AssertionError: expected [http://devops-deve.kifiya.et:8082/mfs-admin/dashboard?loggedInUserName=mfs&appicationVersion=Build+Version%3A+1.1.0] but found [http://devops-deve.kifiya.et:8082/mfs-admin/authenticate]
at TestCases.LoginDataProvider.userLogin(LoginDataProvider.java:57)
... Removed 31 stack frames]]>
    </failure>
  </testcase> <!-- userLogin -->
  <testcase name="userLogin" time="2.77" classname="TestCases.LoginDataProvider">
    <failure type="java.lang.AssertionError" message="expected [http://devops-deve.kifiya.et:8082/mfs-admin/dashboard?loggedInUserName=mfs&amp;amp;appicationVersion=Build+Version%3A+1.1.0] but found [http://devops-deve.kifiya.et:8082/mfs-admin/authenticate]">
      <![CDATA[java.lang.AssertionError: expected [http://devops-deve.kifiya.et:8082/mfs-admin/dashboard?loggedInUserName=mfs&appicationVersion=Build+Version%3A+1.1.0] but found [http://devops-deve.kifiya.et:8082/mfs-admin/authenticate]
at TestCases.LoginDataProvider.userLogin(LoginDataProvider.java:57)
... Removed 31 stack frames]]>
    </failure>
  </testcase> <!-- userLogin -->
  <testcase name="userLogin" time="2.854" classname="TestCases.LoginDataProvider">
    <failure type="java.lang.AssertionError" message="expected [http://devops-deve.kifiya.et:8082/mfs-admin/dashboard?loggedInUserName=mfs&amp;amp;appicationVersion=Build+Version%3A+1.1.0] but found [http://devops-deve.kifiya.et:8082/mfs-admin/authenticate]">
      <![CDATA[java.lang.AssertionError: expected [http://devops-deve.kifiya.et:8082/mfs-admin/dashboard?loggedInUserName=mfs&appicationVersion=Build+Version%3A+1.1.0] but found [http://devops-deve.kifiya.et:8082/mfs-admin/authenticate]
at TestCases.LoginDataProvider.userLogin(LoginDataProvider.java:57)
... Removed 31 stack frames]]>
    </failure>
  </testcase> <!-- userLogin -->
  <testcase name="userLogin" time="2.564" classname="TestCases.LoginDataProvider">
    <failure type="java.lang.AssertionError" message="expected [http://devops-deve.kifiya.et:8082/mfs-admin/dashboard?loggedInUserName=mfs&amp;amp;appicationVersion=Build+Version%3A+1.1.0] but found [http://devops-deve.kifiya.et:8082/mfs-admin/authenticate]">
      <![CDATA[java.lang.AssertionError: expected [http://devops-deve.kifiya.et:8082/mfs-admin/dashboard?loggedInUserName=mfs&appicationVersion=Build+Version%3A+1.1.0] but found [http://devops-deve.kifiya.et:8082/mfs-admin/authenticate]
at TestCases.LoginDataProvider.userLogin(LoginDataProvider.java:57)
... Removed 31 stack frames]]>
    </failure>
  </testcase> <!-- userLogin -->
  <testcase name="userLogin" time="2.733" classname="TestCases.LoginDataProvider">
    <failure type="java.lang.AssertionError" message="expected [http://devops-deve.kifiya.et:8082/mfs-admin/dashboard?loggedInUserName=mfs&amp;amp;appicationVersion=Build+Version%3A+1.1.0] but found [http://devops-deve.kifiya.et:8082/mfs-admin/authenticate]">
      <![CDATA[java.lang.AssertionError: expected [http://devops-deve.kifiya.et:8082/mfs-admin/dashboard?loggedInUserName=mfs&appicationVersion=Build+Version%3A+1.1.0] but found [http://devops-deve.kifiya.et:8082/mfs-admin/authenticate]
at TestCases.LoginDataProvider.userLogin(LoginDataProvider.java:57)
... Removed 31 stack frames]]>
    </failure>
  </testcase> <!-- userLogin -->
</testsuite> <!-- Default test(failed) -->
