<?xml version="1.0" encoding="UTF-8"?>
<!-- Generated by org.testng.reporters.JUnitReportReporter -->
<testsuite skipped="0" hostname="KFT-TECH-18" name="TestCases.LoginDataProvider" tests="10" failures="10" timestamp="03 Jun 2019 06:18:30 GMT" time="34.290" errors="0">
  <testcase name="login" time="2.765" classname="TestCases.LoginDataProvider">
    <failure type="java.lang.AssertionError" message="The following asserts failed:
	expected [http://devops-deve.kifiya.et:8082/mfs-admin/dashboard?loggedInUserName=mfs&amp;appicationVersion=Build+Version%3A+1.1.0] but found [http://devops-deve.kifiya.et:8082/mfs-admin/],
	expected [http://devops-deve.kifiya.et:8082/mfs-admin/dashboard?loggedInUserName=mfs&amp;appicationVersion=Build+Version%3A+1.1.0] but found [http://devops-deve.kifiya.et:8082/mfs-admin/],
	expected [http://devops-deve.kifiya.et:8082/mfs-admin/dashboard?loggedInUserName=mfs&amp;appicationVersion=Build+Version%3A+1.1.0] but found [http://devops-deve.kifiya.et:8082/mfs-admin/],
	expected [http://devops-deve.kifiya.et:8082/mfs-admin/dashboard?loggedInUserName=mfs&amp;appicationVersion=Build+Version%3A+1.1.0] but found [http://devops-deve.kifiya.et:8082/mfs-admin/],
	expected [http://devops-deve.kifiya.et:8082/mfs-admin/dashboard?loggedInUserName=mfs&amp;appicationVersion=Build+Version%3A+1.1.0] but found [http://devops-deve.kifiya.et:8082/mfs-admin/authenticate],
	expected [http://devops-deve.kifiya.et:8082/mfs-admin/dashboard?loggedInUserName=mfs&amp;appicationVersion=Build+Version%3A+1.1.0] but found [http://devops-deve.kifiya.et:8082/mfs-admin/authenticate]">
      <![CDATA[java.lang.AssertionError: The following asserts failed:
expected [http://devops-deve.kifiya.et:8082/mfs-admin/dashboard?loggedInUserName=mfs&appicationVersion=Build+Version%3A+1.1.0] but found [http://devops-deve.kifiya.et:8082/mfs-admin/],
expected [http://devops-deve.kifiya.et:8082/mfs-admin/dashboard?loggedInUserName=mfs&appicationVersion=Build+Version%3A+1.1.0] but found [http://devops-deve.kifiya.et:8082/mfs-admin/],
expected [http://devops-deve.kifiya.et:8082/mfs-admin/dashboard?loggedInUserName=mfs&appicationVersion=Build+Version%3A+1.1.0] but found [http://devops-deve.kifiya.et:8082/mfs-admin/],
expected [http://devops-deve.kifiya.et:8082/mfs-admin/dashboard?loggedInUserName=mfs&appicationVersion=Build+Version%3A+1.1.0] but found [http://devops-deve.kifiya.et:8082/mfs-admin/],
expected [http://devops-deve.kifiya.et:8082/mfs-admin/dashboard?loggedInUserName=mfs&appicationVersion=Build+Version%3A+1.1.0] but found [http://devops-deve.kifiya.et:8082/mfs-admin/authenticate],
expected [http://devops-deve.kifiya.et:8082/mfs-admin/dashboard?loggedInUserName=mfs&appicationVersion=Build+Version%3A+1.1.0] but found [http://devops-deve.kifiya.et:8082/mfs-admin/authenticate]
at org.testng.asserts.SoftAssert.assertAll(SoftAssert.java:43)
at TestCases.LoginDataProvider.login(LoginDataProvider.java:60)
at sun.reflect.NativeMethodAccessorImpl.invoke0(Native Method)
at sun.reflect.NativeMethodAccessorImpl.invoke(Unknown Source)
at sun.reflect.DelegatingMethodAccessorImpl.invoke(Unknown Source)
at java.lang.reflect.Method.invoke(Unknown Source)
at org.testng.internal.MethodInvocationHelper.invokeMethod(MethodInvocationHelper.java:124)
at org.testng.internal.Invoker.invokeMethod(Invoker.java:583)
at org.testng.internal.Invoker.invokeTestMethod(Invoker.java:719)
at org.testng.internal.Invoker.invokeTestMethods(Invoker.java:989)
at org.testng.internal.TestMethodWorker.invokeTestMethods(TestMethodWorker.java:125)
at org.testng.internal.TestMethodWorker.run(TestMethodWorker.java:109)
at org.testng.TestRunner.privateRun(TestRunner.java:648)
at org.testng.TestRunner.run(TestRunner.java:505)
at org.testng.SuiteRunner.runTest(SuiteRunner.java:455)
at org.testng.SuiteRunner.runSequentially(SuiteRunner.java:450)
at org.testng.SuiteRunner.privateRun(SuiteRunner.java:415)
at org.testng.SuiteRunner.run(SuiteRunner.java:364)
at org.testng.SuiteRunnerWorker.runSuite(SuiteRunnerWorker.java:52)
at org.testng.SuiteRunnerWorker.run(SuiteRunnerWorker.java:84)
at org.testng.TestNG.runSuitesSequentially(TestNG.java:1208)
at org.testng.TestNG.runSuitesLocally(TestNG.java:1137)
at org.testng.TestNG.runSuites(TestNG.java:1049)
at org.testng.TestNG.run(TestNG.java:1017)
at org.testng.remote.AbstractRemoteTestNG.run(AbstractRemoteTestNG.java:115)
at org.testng.remote.RemoteTestNG.initAndRun(RemoteTestNG.java:251)
at org.testng.remote.RemoteTestNG.main(RemoteTestNG.java:77)
]]>
    </failure>
  </testcase> <!-- login -->
  <testcase name="login" time="2.634" classname="TestCases.LoginDataProvider">
    <failure type="java.lang.AssertionError" message="The following asserts failed:
	expected [http://devops-deve.kifiya.et:8082/mfs-admin/dashboard?loggedInUserName=mfs&amp;appicationVersion=Build+Version%3A+1.1.0] but found [http://devops-deve.kifiya.et:8082/mfs-admin/],
	expected [http://devops-deve.kifiya.et:8082/mfs-admin/dashboard?loggedInUserName=mfs&amp;appicationVersion=Build+Version%3A+1.1.0] but found [http://devops-deve.kifiya.et:8082/mfs-admin/],
	expected [http://devops-deve.kifiya.et:8082/mfs-admin/dashboard?loggedInUserName=mfs&amp;appicationVersion=Build+Version%3A+1.1.0] but found [http://devops-deve.kifiya.et:8082/mfs-admin/],
	expected [http://devops-deve.kifiya.et:8082/mfs-admin/dashboard?loggedInUserName=mfs&amp;appicationVersion=Build+Version%3A+1.1.0] but found [http://devops-deve.kifiya.et:8082/mfs-admin/],
	expected [http://devops-deve.kifiya.et:8082/mfs-admin/dashboard?loggedInUserName=mfs&amp;appicationVersion=Build+Version%3A+1.1.0] but found [http://devops-deve.kifiya.et:8082/mfs-admin/authenticate],
	expected [http://devops-deve.kifiya.et:8082/mfs-admin/dashboard?loggedInUserName=mfs&amp;appicationVersion=Build+Version%3A+1.1.0] but found [http://devops-deve.kifiya.et:8082/mfs-admin/authenticate],
	expected [http://devops-deve.kifiya.et:8082/mfs-admin/dashboard?loggedInUserName=mfs&amp;appicationVersion=Build+Version%3A+1.1.0] but found [http://devops-deve.kifiya.et:8082/mfs-admin/authenticate],
	expected [http://devops-deve.kifiya.et:8082/mfs-admin/dashboard?loggedInUserName=mfs&amp;appicationVersion=Build+Version%3A+1.1.0] but found [http://devops-deve.kifiya.et:8082/mfs-admin/authenticate]">
      <![CDATA[java.lang.AssertionError: The following asserts failed:
expected [http://devops-deve.kifiya.et:8082/mfs-admin/dashboard?loggedInUserName=mfs&appicationVersion=Build+Version%3A+1.1.0] but found [http://devops-deve.kifiya.et:8082/mfs-admin/],
expected [http://devops-deve.kifiya.et:8082/mfs-admin/dashboard?loggedInUserName=mfs&appicationVersion=Build+Version%3A+1.1.0] but found [http://devops-deve.kifiya.et:8082/mfs-admin/],
expected [http://devops-deve.kifiya.et:8082/mfs-admin/dashboard?loggedInUserName=mfs&appicationVersion=Build+Version%3A+1.1.0] but found [http://devops-deve.kifiya.et:8082/mfs-admin/],
expected [http://devops-deve.kifiya.et:8082/mfs-admin/dashboard?loggedInUserName=mfs&appicationVersion=Build+Version%3A+1.1.0] but found [http://devops-deve.kifiya.et:8082/mfs-admin/],
expected [http://devops-deve.kifiya.et:8082/mfs-admin/dashboard?loggedInUserName=mfs&appicationVersion=Build+Version%3A+1.1.0] but found [http://devops-deve.kifiya.et:8082/mfs-admin/authenticate],
expected [http://devops-deve.kifiya.et:8082/mfs-admin/dashboard?loggedInUserName=mfs&appicationVersion=Build+Version%3A+1.1.0] but found [http://devops-deve.kifiya.et:8082/mfs-admin/authenticate],
expected [http://devops-deve.kifiya.et:8082/mfs-admin/dashboard?loggedInUserName=mfs&appicationVersion=Build+Version%3A+1.1.0] but found [http://devops-deve.kifiya.et:8082/mfs-admin/authenticate],
expected [http://devops-deve.kifiya.et:8082/mfs-admin/dashboard?loggedInUserName=mfs&appicationVersion=Build+Version%3A+1.1.0] but found [http://devops-deve.kifiya.et:8082/mfs-admin/authenticate]
at org.testng.asserts.SoftAssert.assertAll(SoftAssert.java:43)
at TestCases.LoginDataProvider.login(LoginDataProvider.java:60)
at sun.reflect.NativeMethodAccessorImpl.invoke0(Native Method)
at sun.reflect.NativeMethodAccessorImpl.invoke(Unknown Source)
at sun.reflect.DelegatingMethodAccessorImpl.invoke(Unknown Source)
at java.lang.reflect.Method.invoke(Unknown Source)
at org.testng.internal.MethodInvocationHelper.invokeMethod(MethodInvocationHelper.java:124)
at org.testng.internal.Invoker.invokeMethod(Invoker.java:583)
at org.testng.internal.Invoker.invokeTestMethod(Invoker.java:719)
at org.testng.internal.Invoker.invokeTestMethods(Invoker.java:989)
at org.testng.internal.TestMethodWorker.invokeTestMethods(TestMethodWorker.java:125)
at org.testng.internal.TestMethodWorker.run(TestMethodWorker.java:109)
at org.testng.TestRunner.privateRun(TestRunner.java:648)
at org.testng.TestRunner.run(TestRunner.java:505)
at org.testng.SuiteRunner.runTest(SuiteRunner.java:455)
at org.testng.SuiteRunner.runSequentially(SuiteRunner.java:450)
at org.testng.SuiteRunner.privateRun(SuiteRunner.java:415)
at org.testng.SuiteRunner.run(SuiteRunner.java:364)
at org.testng.SuiteRunnerWorker.runSuite(SuiteRunnerWorker.java:52)
at org.testng.SuiteRunnerWorker.run(SuiteRunnerWorker.java:84)
at org.testng.TestNG.runSuitesSequentially(TestNG.java:1208)
at org.testng.TestNG.runSuitesLocally(TestNG.java:1137)
at org.testng.TestNG.runSuites(TestNG.java:1049)
at org.testng.TestNG.run(TestNG.java:1017)
at org.testng.remote.AbstractRemoteTestNG.run(AbstractRemoteTestNG.java:115)
at org.testng.remote.RemoteTestNG.initAndRun(RemoteTestNG.java:251)
at org.testng.remote.RemoteTestNG.main(RemoteTestNG.java:77)
]]>
    </failure>
  </testcase> <!-- login -->
  <testcase name="login" time="4.919" classname="TestCases.LoginDataProvider">
    <failure type="java.lang.AssertionError" message="The following asserts failed:
	expected [http://devops-deve.kifiya.et:8082/mfs-admin/dashboard?loggedInUserName=mfs&amp;appicationVersion=Build+Version%3A+1.1.0] but found [http://devops-deve.kifiya.et:8082/mfs-admin/]">
      <![CDATA[java.lang.AssertionError: The following asserts failed:
expected [http://devops-deve.kifiya.et:8082/mfs-admin/dashboard?loggedInUserName=mfs&appicationVersion=Build+Version%3A+1.1.0] but found [http://devops-deve.kifiya.et:8082/mfs-admin/]
at org.testng.asserts.SoftAssert.assertAll(SoftAssert.java:43)
at TestCases.LoginDataProvider.login(LoginDataProvider.java:60)
at sun.reflect.NativeMethodAccessorImpl.invoke0(Native Method)
at sun.reflect.NativeMethodAccessorImpl.invoke(Unknown Source)
at sun.reflect.DelegatingMethodAccessorImpl.invoke(Unknown Source)
at java.lang.reflect.Method.invoke(Unknown Source)
at org.testng.internal.MethodInvocationHelper.invokeMethod(MethodInvocationHelper.java:124)
at org.testng.internal.Invoker.invokeMethod(Invoker.java:583)
at org.testng.internal.Invoker.invokeTestMethod(Invoker.java:719)
at org.testng.internal.Invoker.invokeTestMethods(Invoker.java:989)
at org.testng.internal.TestMethodWorker.invokeTestMethods(TestMethodWorker.java:125)
at org.testng.internal.TestMethodWorker.run(TestMethodWorker.java:109)
at org.testng.TestRunner.privateRun(TestRunner.java:648)
at org.testng.TestRunner.run(TestRunner.java:505)
at org.testng.SuiteRunner.runTest(SuiteRunner.java:455)
at org.testng.SuiteRunner.runSequentially(SuiteRunner.java:450)
at org.testng.SuiteRunner.privateRun(SuiteRunner.java:415)
at org.testng.SuiteRunner.run(SuiteRunner.java:364)
at org.testng.SuiteRunnerWorker.runSuite(SuiteRunnerWorker.java:52)
at org.testng.SuiteRunnerWorker.run(SuiteRunnerWorker.java:84)
at org.testng.TestNG.runSuitesSequentially(TestNG.java:1208)
at org.testng.TestNG.runSuitesLocally(TestNG.java:1137)
at org.testng.TestNG.runSuites(TestNG.java:1049)
at org.testng.TestNG.run(TestNG.java:1017)
at org.testng.remote.AbstractRemoteTestNG.run(AbstractRemoteTestNG.java:115)
at org.testng.remote.RemoteTestNG.initAndRun(RemoteTestNG.java:251)
at org.testng.remote.RemoteTestNG.main(RemoteTestNG.java:77)
]]>
    </failure>
  </testcase> <!-- login -->
  <testcase name="login" time="2.836" classname="TestCases.LoginDataProvider">
    <failure type="java.lang.AssertionError" message="The following asserts failed:
	expected [http://devops-deve.kifiya.et:8082/mfs-admin/dashboard?loggedInUserName=mfs&amp;appicationVersion=Build+Version%3A+1.1.0] but found [http://devops-deve.kifiya.et:8082/mfs-admin/],
	expected [http://devops-deve.kifiya.et:8082/mfs-admin/dashboard?loggedInUserName=mfs&amp;appicationVersion=Build+Version%3A+1.1.0] but found [http://devops-deve.kifiya.et:8082/mfs-admin/],
	expected [http://devops-deve.kifiya.et:8082/mfs-admin/dashboard?loggedInUserName=mfs&amp;appicationVersion=Build+Version%3A+1.1.0] but found [http://devops-deve.kifiya.et:8082/mfs-admin/],
	expected [http://devops-deve.kifiya.et:8082/mfs-admin/dashboard?loggedInUserName=mfs&amp;appicationVersion=Build+Version%3A+1.1.0] but found [http://devops-deve.kifiya.et:8082/mfs-admin/],
	expected [http://devops-deve.kifiya.et:8082/mfs-admin/dashboard?loggedInUserName=mfs&amp;appicationVersion=Build+Version%3A+1.1.0] but found [http://devops-deve.kifiya.et:8082/mfs-admin/authenticate]">
      <![CDATA[java.lang.AssertionError: The following asserts failed:
expected [http://devops-deve.kifiya.et:8082/mfs-admin/dashboard?loggedInUserName=mfs&appicationVersion=Build+Version%3A+1.1.0] but found [http://devops-deve.kifiya.et:8082/mfs-admin/],
expected [http://devops-deve.kifiya.et:8082/mfs-admin/dashboard?loggedInUserName=mfs&appicationVersion=Build+Version%3A+1.1.0] but found [http://devops-deve.kifiya.et:8082/mfs-admin/],
expected [http://devops-deve.kifiya.et:8082/mfs-admin/dashboard?loggedInUserName=mfs&appicationVersion=Build+Version%3A+1.1.0] but found [http://devops-deve.kifiya.et:8082/mfs-admin/],
expected [http://devops-deve.kifiya.et:8082/mfs-admin/dashboard?loggedInUserName=mfs&appicationVersion=Build+Version%3A+1.1.0] but found [http://devops-deve.kifiya.et:8082/mfs-admin/],
expected [http://devops-deve.kifiya.et:8082/mfs-admin/dashboard?loggedInUserName=mfs&appicationVersion=Build+Version%3A+1.1.0] but found [http://devops-deve.kifiya.et:8082/mfs-admin/authenticate]
at org.testng.asserts.SoftAssert.assertAll(SoftAssert.java:43)
at TestCases.LoginDataProvider.login(LoginDataProvider.java:60)
at sun.reflect.NativeMethodAccessorImpl.invoke0(Native Method)
at sun.reflect.NativeMethodAccessorImpl.invoke(Unknown Source)
at sun.reflect.DelegatingMethodAccessorImpl.invoke(Unknown Source)
at java.lang.reflect.Method.invoke(Unknown Source)
at org.testng.internal.MethodInvocationHelper.invokeMethod(MethodInvocationHelper.java:124)
at org.testng.internal.Invoker.invokeMethod(Invoker.java:583)
at org.testng.internal.Invoker.invokeTestMethod(Invoker.java:719)
at org.testng.internal.Invoker.invokeTestMethods(Invoker.java:989)
at org.testng.internal.TestMethodWorker.invokeTestMethods(TestMethodWorker.java:125)
at org.testng.internal.TestMethodWorker.run(TestMethodWorker.java:109)
at org.testng.TestRunner.privateRun(TestRunner.java:648)
at org.testng.TestRunner.run(TestRunner.java:505)
at org.testng.SuiteRunner.runTest(SuiteRunner.java:455)
at org.testng.SuiteRunner.runSequentially(SuiteRunner.java:450)
at org.testng.SuiteRunner.privateRun(SuiteRunner.java:415)
at org.testng.SuiteRunner.run(SuiteRunner.java:364)
at org.testng.SuiteRunnerWorker.runSuite(SuiteRunnerWorker.java:52)
at org.testng.SuiteRunnerWorker.run(SuiteRunnerWorker.java:84)
at org.testng.TestNG.runSuitesSequentially(TestNG.java:1208)
at org.testng.TestNG.runSuitesLocally(TestNG.java:1137)
at org.testng.TestNG.runSuites(TestNG.java:1049)
at org.testng.TestNG.run(TestNG.java:1017)
at org.testng.remote.AbstractRemoteTestNG.run(AbstractRemoteTestNG.java:115)
at org.testng.remote.RemoteTestNG.initAndRun(RemoteTestNG.java:251)
at org.testng.remote.RemoteTestNG.main(RemoteTestNG.java:77)
]]>
    </failure>
  </testcase> <!-- login -->
  <testcase name="login" time="3.345" classname="TestCases.LoginDataProvider">
    <failure type="java.lang.AssertionError" message="The following asserts failed:
	expected [http://devops-deve.kifiya.et:8082/mfs-admin/dashboard?loggedInUserName=mfs&amp;appicationVersion=Build+Version%3A+1.1.0] but found [http://devops-deve.kifiya.et:8082/mfs-admin/],
	expected [http://devops-deve.kifiya.et:8082/mfs-admin/dashboard?loggedInUserName=mfs&amp;appicationVersion=Build+Version%3A+1.1.0] but found [http://devops-deve.kifiya.et:8082/mfs-admin/]">
      <![CDATA[java.lang.AssertionError: The following asserts failed:
expected [http://devops-deve.kifiya.et:8082/mfs-admin/dashboard?loggedInUserName=mfs&appicationVersion=Build+Version%3A+1.1.0] but found [http://devops-deve.kifiya.et:8082/mfs-admin/],
expected [http://devops-deve.kifiya.et:8082/mfs-admin/dashboard?loggedInUserName=mfs&appicationVersion=Build+Version%3A+1.1.0] but found [http://devops-deve.kifiya.et:8082/mfs-admin/]
at org.testng.asserts.SoftAssert.assertAll(SoftAssert.java:43)
at TestCases.LoginDataProvider.login(LoginDataProvider.java:60)
at sun.reflect.NativeMethodAccessorImpl.invoke0(Native Method)
at sun.reflect.NativeMethodAccessorImpl.invoke(Unknown Source)
at sun.reflect.DelegatingMethodAccessorImpl.invoke(Unknown Source)
at java.lang.reflect.Method.invoke(Unknown Source)
at org.testng.internal.MethodInvocationHelper.invokeMethod(MethodInvocationHelper.java:124)
at org.testng.internal.Invoker.invokeMethod(Invoker.java:583)
at org.testng.internal.Invoker.invokeTestMethod(Invoker.java:719)
at org.testng.internal.Invoker.invokeTestMethods(Invoker.java:989)
at org.testng.internal.TestMethodWorker.invokeTestMethods(TestMethodWorker.java:125)
at org.testng.internal.TestMethodWorker.run(TestMethodWorker.java:109)
at org.testng.TestRunner.privateRun(TestRunner.java:648)
at org.testng.TestRunner.run(TestRunner.java:505)
at org.testng.SuiteRunner.runTest(SuiteRunner.java:455)
at org.testng.SuiteRunner.runSequentially(SuiteRunner.java:450)
at org.testng.SuiteRunner.privateRun(SuiteRunner.java:415)
at org.testng.SuiteRunner.run(SuiteRunner.java:364)
at org.testng.SuiteRunnerWorker.runSuite(SuiteRunnerWorker.java:52)
at org.testng.SuiteRunnerWorker.run(SuiteRunnerWorker.java:84)
at org.testng.TestNG.runSuitesSequentially(TestNG.java:1208)
at org.testng.TestNG.runSuitesLocally(TestNG.java:1137)
at org.testng.TestNG.runSuites(TestNG.java:1049)
at org.testng.TestNG.run(TestNG.java:1017)
at org.testng.remote.AbstractRemoteTestNG.run(AbstractRemoteTestNG.java:115)
at org.testng.remote.RemoteTestNG.initAndRun(RemoteTestNG.java:251)
at org.testng.remote.RemoteTestNG.main(RemoteTestNG.java:77)
]]>
    </failure>
  </testcase> <!-- login -->
  <testcase name="login" time="2.422" classname="TestCases.LoginDataProvider">
    <failure type="java.lang.AssertionError" message="The following asserts failed:
	expected [http://devops-deve.kifiya.et:8082/mfs-admin/dashboard?loggedInUserName=mfs&amp;appicationVersion=Build+Version%3A+1.1.0] but found [http://devops-deve.kifiya.et:8082/mfs-admin/],
	expected [http://devops-deve.kifiya.et:8082/mfs-admin/dashboard?loggedInUserName=mfs&amp;appicationVersion=Build+Version%3A+1.1.0] but found [http://devops-deve.kifiya.et:8082/mfs-admin/],
	expected [http://devops-deve.kifiya.et:8082/mfs-admin/dashboard?loggedInUserName=mfs&amp;appicationVersion=Build+Version%3A+1.1.0] but found [http://devops-deve.kifiya.et:8082/mfs-admin/],
	expected [http://devops-deve.kifiya.et:8082/mfs-admin/dashboard?loggedInUserName=mfs&amp;appicationVersion=Build+Version%3A+1.1.0] but found [http://devops-deve.kifiya.et:8082/mfs-admin/]">
      <![CDATA[java.lang.AssertionError: The following asserts failed:
expected [http://devops-deve.kifiya.et:8082/mfs-admin/dashboard?loggedInUserName=mfs&appicationVersion=Build+Version%3A+1.1.0] but found [http://devops-deve.kifiya.et:8082/mfs-admin/],
expected [http://devops-deve.kifiya.et:8082/mfs-admin/dashboard?loggedInUserName=mfs&appicationVersion=Build+Version%3A+1.1.0] but found [http://devops-deve.kifiya.et:8082/mfs-admin/],
expected [http://devops-deve.kifiya.et:8082/mfs-admin/dashboard?loggedInUserName=mfs&appicationVersion=Build+Version%3A+1.1.0] but found [http://devops-deve.kifiya.et:8082/mfs-admin/],
expected [http://devops-deve.kifiya.et:8082/mfs-admin/dashboard?loggedInUserName=mfs&appicationVersion=Build+Version%3A+1.1.0] but found [http://devops-deve.kifiya.et:8082/mfs-admin/]
at org.testng.asserts.SoftAssert.assertAll(SoftAssert.java:43)
at TestCases.LoginDataProvider.login(LoginDataProvider.java:60)
at sun.reflect.NativeMethodAccessorImpl.invoke0(Native Method)
at sun.reflect.NativeMethodAccessorImpl.invoke(Unknown Source)
at sun.reflect.DelegatingMethodAccessorImpl.invoke(Unknown Source)
at java.lang.reflect.Method.invoke(Unknown Source)
at org.testng.internal.MethodInvocationHelper.invokeMethod(MethodInvocationHelper.java:124)
at org.testng.internal.Invoker.invokeMethod(Invoker.java:583)
at org.testng.internal.Invoker.invokeTestMethod(Invoker.java:719)
at org.testng.internal.Invoker.invokeTestMethods(Invoker.java:989)
at org.testng.internal.TestMethodWorker.invokeTestMethods(TestMethodWorker.java:125)
at org.testng.internal.TestMethodWorker.run(TestMethodWorker.java:109)
at org.testng.TestRunner.privateRun(TestRunner.java:648)
at org.testng.TestRunner.run(TestRunner.java:505)
at org.testng.SuiteRunner.runTest(SuiteRunner.java:455)
at org.testng.SuiteRunner.runSequentially(SuiteRunner.java:450)
at org.testng.SuiteRunner.privateRun(SuiteRunner.java:415)
at org.testng.SuiteRunner.run(SuiteRunner.java:364)
at org.testng.SuiteRunnerWorker.runSuite(SuiteRunnerWorker.java:52)
at org.testng.SuiteRunnerWorker.run(SuiteRunnerWorker.java:84)
at org.testng.TestNG.runSuitesSequentially(TestNG.java:1208)
at org.testng.TestNG.runSuitesLocally(TestNG.java:1137)
at org.testng.TestNG.runSuites(TestNG.java:1049)
at org.testng.TestNG.run(TestNG.java:1017)
at org.testng.remote.AbstractRemoteTestNG.run(AbstractRemoteTestNG.java:115)
at org.testng.remote.RemoteTestNG.initAndRun(RemoteTestNG.java:251)
at org.testng.remote.RemoteTestNG.main(RemoteTestNG.java:77)
]]>
    </failure>
  </testcase> <!-- login -->
  <testcase name="login" time="2.812" classname="TestCases.LoginDataProvider">
    <failure type="java.lang.AssertionError" message="The following asserts failed:
	expected [http://devops-deve.kifiya.et:8082/mfs-admin/dashboard?loggedInUserName=mfs&amp;appicationVersion=Build+Version%3A+1.1.0] but found [http://devops-deve.kifiya.et:8082/mfs-admin/],
	expected [http://devops-deve.kifiya.et:8082/mfs-admin/dashboard?loggedInUserName=mfs&amp;appicationVersion=Build+Version%3A+1.1.0] but found [http://devops-deve.kifiya.et:8082/mfs-admin/],
	expected [http://devops-deve.kifiya.et:8082/mfs-admin/dashboard?loggedInUserName=mfs&amp;appicationVersion=Build+Version%3A+1.1.0] but found [http://devops-deve.kifiya.et:8082/mfs-admin/],
	expected [http://devops-deve.kifiya.et:8082/mfs-admin/dashboard?loggedInUserName=mfs&amp;appicationVersion=Build+Version%3A+1.1.0] but found [http://devops-deve.kifiya.et:8082/mfs-admin/],
	expected [http://devops-deve.kifiya.et:8082/mfs-admin/dashboard?loggedInUserName=mfs&amp;appicationVersion=Build+Version%3A+1.1.0] but found [http://devops-deve.kifiya.et:8082/mfs-admin/authenticate],
	expected [http://devops-deve.kifiya.et:8082/mfs-admin/dashboard?loggedInUserName=mfs&amp;appicationVersion=Build+Version%3A+1.1.0] but found [http://devops-deve.kifiya.et:8082/mfs-admin/authenticate],
	expected [http://devops-deve.kifiya.et:8082/mfs-admin/dashboard?loggedInUserName=mfs&amp;appicationVersion=Build+Version%3A+1.1.0] but found [http://devops-deve.kifiya.et:8082/mfs-admin/authenticate]">
      <![CDATA[java.lang.AssertionError: The following asserts failed:
expected [http://devops-deve.kifiya.et:8082/mfs-admin/dashboard?loggedInUserName=mfs&appicationVersion=Build+Version%3A+1.1.0] but found [http://devops-deve.kifiya.et:8082/mfs-admin/],
expected [http://devops-deve.kifiya.et:8082/mfs-admin/dashboard?loggedInUserName=mfs&appicationVersion=Build+Version%3A+1.1.0] but found [http://devops-deve.kifiya.et:8082/mfs-admin/],
expected [http://devops-deve.kifiya.et:8082/mfs-admin/dashboard?loggedInUserName=mfs&appicationVersion=Build+Version%3A+1.1.0] but found [http://devops-deve.kifiya.et:8082/mfs-admin/],
expected [http://devops-deve.kifiya.et:8082/mfs-admin/dashboard?loggedInUserName=mfs&appicationVersion=Build+Version%3A+1.1.0] but found [http://devops-deve.kifiya.et:8082/mfs-admin/],
expected [http://devops-deve.kifiya.et:8082/mfs-admin/dashboard?loggedInUserName=mfs&appicationVersion=Build+Version%3A+1.1.0] but found [http://devops-deve.kifiya.et:8082/mfs-admin/authenticate],
expected [http://devops-deve.kifiya.et:8082/mfs-admin/dashboard?loggedInUserName=mfs&appicationVersion=Build+Version%3A+1.1.0] but found [http://devops-deve.kifiya.et:8082/mfs-admin/authenticate],
expected [http://devops-deve.kifiya.et:8082/mfs-admin/dashboard?loggedInUserName=mfs&appicationVersion=Build+Version%3A+1.1.0] but found [http://devops-deve.kifiya.et:8082/mfs-admin/authenticate]
at org.testng.asserts.SoftAssert.assertAll(SoftAssert.java:43)
at TestCases.LoginDataProvider.login(LoginDataProvider.java:60)
at sun.reflect.NativeMethodAccessorImpl.invoke0(Native Method)
at sun.reflect.NativeMethodAccessorImpl.invoke(Unknown Source)
at sun.reflect.DelegatingMethodAccessorImpl.invoke(Unknown Source)
at java.lang.reflect.Method.invoke(Unknown Source)
at org.testng.internal.MethodInvocationHelper.invokeMethod(MethodInvocationHelper.java:124)
at org.testng.internal.Invoker.invokeMethod(Invoker.java:583)
at org.testng.internal.Invoker.invokeTestMethod(Invoker.java:719)
at org.testng.internal.Invoker.invokeTestMethods(Invoker.java:989)
at org.testng.internal.TestMethodWorker.invokeTestMethods(TestMethodWorker.java:125)
at org.testng.internal.TestMethodWorker.run(TestMethodWorker.java:109)
at org.testng.TestRunner.privateRun(TestRunner.java:648)
at org.testng.TestRunner.run(TestRunner.java:505)
at org.testng.SuiteRunner.runTest(SuiteRunner.java:455)
at org.testng.SuiteRunner.runSequentially(SuiteRunner.java:450)
at org.testng.SuiteRunner.privateRun(SuiteRunner.java:415)
at org.testng.SuiteRunner.run(SuiteRunner.java:364)
at org.testng.SuiteRunnerWorker.runSuite(SuiteRunnerWorker.java:52)
at org.testng.SuiteRunnerWorker.run(SuiteRunnerWorker.java:84)
at org.testng.TestNG.runSuitesSequentially(TestNG.java:1208)
at org.testng.TestNG.runSuitesLocally(TestNG.java:1137)
at org.testng.TestNG.runSuites(TestNG.java:1049)
at org.testng.TestNG.run(TestNG.java:1017)
at org.testng.remote.AbstractRemoteTestNG.run(AbstractRemoteTestNG.java:115)
at org.testng.remote.RemoteTestNG.initAndRun(RemoteTestNG.java:251)
at org.testng.remote.RemoteTestNG.main(RemoteTestNG.java:77)
]]>
    </failure>
  </testcase> <!-- login -->
  <testcase name="login" time="2.448" classname="TestCases.LoginDataProvider">
    <failure type="java.lang.AssertionError" message="The following asserts failed:
	expected [http://devops-deve.kifiya.et:8082/mfs-admin/dashboard?loggedInUserName=mfs&amp;appicationVersion=Build+Version%3A+1.1.0] but found [http://devops-deve.kifiya.et:8082/mfs-admin/],
	expected [http://devops-deve.kifiya.et:8082/mfs-admin/dashboard?loggedInUserName=mfs&amp;appicationVersion=Build+Version%3A+1.1.0] but found [http://devops-deve.kifiya.et:8082/mfs-admin/],
	expected [http://devops-deve.kifiya.et:8082/mfs-admin/dashboard?loggedInUserName=mfs&amp;appicationVersion=Build+Version%3A+1.1.0] but found [http://devops-deve.kifiya.et:8082/mfs-admin/]">
      <![CDATA[java.lang.AssertionError: The following asserts failed:
expected [http://devops-deve.kifiya.et:8082/mfs-admin/dashboard?loggedInUserName=mfs&appicationVersion=Build+Version%3A+1.1.0] but found [http://devops-deve.kifiya.et:8082/mfs-admin/],
expected [http://devops-deve.kifiya.et:8082/mfs-admin/dashboard?loggedInUserName=mfs&appicationVersion=Build+Version%3A+1.1.0] but found [http://devops-deve.kifiya.et:8082/mfs-admin/],
expected [http://devops-deve.kifiya.et:8082/mfs-admin/dashboard?loggedInUserName=mfs&appicationVersion=Build+Version%3A+1.1.0] but found [http://devops-deve.kifiya.et:8082/mfs-admin/]
at org.testng.asserts.SoftAssert.assertAll(SoftAssert.java:43)
at TestCases.LoginDataProvider.login(LoginDataProvider.java:60)
at sun.reflect.NativeMethodAccessorImpl.invoke0(Native Method)
at sun.reflect.NativeMethodAccessorImpl.invoke(Unknown Source)
at sun.reflect.DelegatingMethodAccessorImpl.invoke(Unknown Source)
at java.lang.reflect.Method.invoke(Unknown Source)
at org.testng.internal.MethodInvocationHelper.invokeMethod(MethodInvocationHelper.java:124)
at org.testng.internal.Invoker.invokeMethod(Invoker.java:583)
at org.testng.internal.Invoker.invokeTestMethod(Invoker.java:719)
at org.testng.internal.Invoker.invokeTestMethods(Invoker.java:989)
at org.testng.internal.TestMethodWorker.invokeTestMethods(TestMethodWorker.java:125)
at org.testng.internal.TestMethodWorker.run(TestMethodWorker.java:109)
at org.testng.TestRunner.privateRun(TestRunner.java:648)
at org.testng.TestRunner.run(TestRunner.java:505)
at org.testng.SuiteRunner.runTest(SuiteRunner.java:455)
at org.testng.SuiteRunner.runSequentially(SuiteRunner.java:450)
at org.testng.SuiteRunner.privateRun(SuiteRunner.java:415)
at org.testng.SuiteRunner.run(SuiteRunner.java:364)
at org.testng.SuiteRunnerWorker.runSuite(SuiteRunnerWorker.java:52)
at org.testng.SuiteRunnerWorker.run(SuiteRunnerWorker.java:84)
at org.testng.TestNG.runSuitesSequentially(TestNG.java:1208)
at org.testng.TestNG.runSuitesLocally(TestNG.java:1137)
at org.testng.TestNG.runSuites(TestNG.java:1049)
at org.testng.TestNG.run(TestNG.java:1017)
at org.testng.remote.AbstractRemoteTestNG.run(AbstractRemoteTestNG.java:115)
at org.testng.remote.RemoteTestNG.initAndRun(RemoteTestNG.java:251)
at org.testng.remote.RemoteTestNG.main(RemoteTestNG.java:77)
]]>
    </failure>
  </testcase> <!-- login -->
  <testcase name="login" time="2.817" classname="TestCases.LoginDataProvider">
    <failure type="java.lang.AssertionError" message="The following asserts failed:
	expected [http://devops-deve.kifiya.et:8082/mfs-admin/dashboard?loggedInUserName=mfs&amp;appicationVersion=Build+Version%3A+1.1.0] but found [http://devops-deve.kifiya.et:8082/mfs-admin/],
	expected [http://devops-deve.kifiya.et:8082/mfs-admin/dashboard?loggedInUserName=mfs&amp;appicationVersion=Build+Version%3A+1.1.0] but found [http://devops-deve.kifiya.et:8082/mfs-admin/],
	expected [http://devops-deve.kifiya.et:8082/mfs-admin/dashboard?loggedInUserName=mfs&amp;appicationVersion=Build+Version%3A+1.1.0] but found [http://devops-deve.kifiya.et:8082/mfs-admin/],
	expected [http://devops-deve.kifiya.et:8082/mfs-admin/dashboard?loggedInUserName=mfs&amp;appicationVersion=Build+Version%3A+1.1.0] but found [http://devops-deve.kifiya.et:8082/mfs-admin/],
	expected [http://devops-deve.kifiya.et:8082/mfs-admin/dashboard?loggedInUserName=mfs&amp;appicationVersion=Build+Version%3A+1.1.0] but found [http://devops-deve.kifiya.et:8082/mfs-admin/authenticate],
	expected [http://devops-deve.kifiya.et:8082/mfs-admin/dashboard?loggedInUserName=mfs&amp;appicationVersion=Build+Version%3A+1.1.0] but found [http://devops-deve.kifiya.et:8082/mfs-admin/authenticate],
	expected [http://devops-deve.kifiya.et:8082/mfs-admin/dashboard?loggedInUserName=mfs&amp;appicationVersion=Build+Version%3A+1.1.0] but found [http://devops-deve.kifiya.et:8082/mfs-admin/authenticate],
	expected [http://devops-deve.kifiya.et:8082/mfs-admin/dashboard?loggedInUserName=mfs&amp;appicationVersion=Build+Version%3A+1.1.0] but found [http://devops-deve.kifiya.et:8082/mfs-admin/authenticate],
	expected [http://devops-deve.kifiya.et:8082/mfs-admin/dashboard?loggedInUserName=mfs&amp;appicationVersion=Build+Version%3A+1.1.0] but found [http://devops-deve.kifiya.et:8082/mfs-admin/authenticate]">
      <![CDATA[java.lang.AssertionError: The following asserts failed:
expected [http://devops-deve.kifiya.et:8082/mfs-admin/dashboard?loggedInUserName=mfs&appicationVersion=Build+Version%3A+1.1.0] but found [http://devops-deve.kifiya.et:8082/mfs-admin/],
expected [http://devops-deve.kifiya.et:8082/mfs-admin/dashboard?loggedInUserName=mfs&appicationVersion=Build+Version%3A+1.1.0] but found [http://devops-deve.kifiya.et:8082/mfs-admin/],
expected [http://devops-deve.kifiya.et:8082/mfs-admin/dashboard?loggedInUserName=mfs&appicationVersion=Build+Version%3A+1.1.0] but found [http://devops-deve.kifiya.et:8082/mfs-admin/],
expected [http://devops-deve.kifiya.et:8082/mfs-admin/dashboard?loggedInUserName=mfs&appicationVersion=Build+Version%3A+1.1.0] but found [http://devops-deve.kifiya.et:8082/mfs-admin/],
expected [http://devops-deve.kifiya.et:8082/mfs-admin/dashboard?loggedInUserName=mfs&appicationVersion=Build+Version%3A+1.1.0] but found [http://devops-deve.kifiya.et:8082/mfs-admin/authenticate],
expected [http://devops-deve.kifiya.et:8082/mfs-admin/dashboard?loggedInUserName=mfs&appicationVersion=Build+Version%3A+1.1.0] but found [http://devops-deve.kifiya.et:8082/mfs-admin/authenticate],
expected [http://devops-deve.kifiya.et:8082/mfs-admin/dashboard?loggedInUserName=mfs&appicationVersion=Build+Version%3A+1.1.0] but found [http://devops-deve.kifiya.et:8082/mfs-admin/authenticate],
expected [http://devops-deve.kifiya.et:8082/mfs-admin/dashboard?loggedInUserName=mfs&appicationVersion=Build+Version%3A+1.1.0] but found [http://devops-deve.kifiya.et:8082/mfs-admin/authenticate],
expected [http://devops-deve.kifiya.et:8082/mfs-admin/dashboard?loggedInUserName=mfs&appicationVersion=Build+Version%3A+1.1.0] but found [http://devops-deve.kifiya.et:8082/mfs-admin/authenticate]
at org.testng.asserts.SoftAssert.assertAll(SoftAssert.java:43)
at TestCases.LoginDataProvider.login(LoginDataProvider.java:60)
at sun.reflect.NativeMethodAccessorImpl.invoke0(Native Method)
at sun.reflect.NativeMethodAccessorImpl.invoke(Unknown Source)
at sun.reflect.DelegatingMethodAccessorImpl.invoke(Unknown Source)
at java.lang.reflect.Method.invoke(Unknown Source)
at org.testng.internal.MethodInvocationHelper.invokeMethod(MethodInvocationHelper.java:124)
at org.testng.internal.Invoker.invokeMethod(Invoker.java:583)
at org.testng.internal.Invoker.invokeTestMethod(Invoker.java:719)
at org.testng.internal.Invoker.invokeTestMethods(Invoker.java:989)
at org.testng.internal.TestMethodWorker.invokeTestMethods(TestMethodWorker.java:125)
at org.testng.internal.TestMethodWorker.run(TestMethodWorker.java:109)
at org.testng.TestRunner.privateRun(TestRunner.java:648)
at org.testng.TestRunner.run(TestRunner.java:505)
at org.testng.SuiteRunner.runTest(SuiteRunner.java:455)
at org.testng.SuiteRunner.runSequentially(SuiteRunner.java:450)
at org.testng.SuiteRunner.privateRun(SuiteRunner.java:415)
at org.testng.SuiteRunner.run(SuiteRunner.java:364)
at org.testng.SuiteRunnerWorker.runSuite(SuiteRunnerWorker.java:52)
at org.testng.SuiteRunnerWorker.run(SuiteRunnerWorker.java:84)
at org.testng.TestNG.runSuitesSequentially(TestNG.java:1208)
at org.testng.TestNG.runSuitesLocally(TestNG.java:1137)
at org.testng.TestNG.runSuites(TestNG.java:1049)
at org.testng.TestNG.run(TestNG.java:1017)
at org.testng.remote.AbstractRemoteTestNG.run(AbstractRemoteTestNG.java:115)
at org.testng.remote.RemoteTestNG.initAndRun(RemoteTestNG.java:251)
at org.testng.remote.RemoteTestNG.main(RemoteTestNG.java:77)
]]>
    </failure>
  </testcase> <!-- login -->
  <testcase name="login" time="7.292" classname="TestCases.LoginDataProvider">
    <failure type="java.lang.AssertionError" message="The following asserts failed:
	expected [http://devops-deve.kifiya.et:8082/mfs-admin/dashboard?loggedInUserName=mfs&amp;appicationVersion=Build+Version%3A+1.1.0] but found [http://devops-deve.kifiya.et:8082/mfs-admin/],
	expected [http://devops-deve.kifiya.et:8082/mfs-admin/dashboard?loggedInUserName=mfs&amp;appicationVersion=Build+Version%3A+1.1.0] but found [http://devops-deve.kifiya.et:8082/mfs-admin/],
	expected [http://devops-deve.kifiya.et:8082/mfs-admin/dashboard?loggedInUserName=mfs&amp;appicationVersion=Build+Version%3A+1.1.0] but found [http://devops-deve.kifiya.et:8082/mfs-admin/],
	expected [http://devops-deve.kifiya.et:8082/mfs-admin/dashboard?loggedInUserName=mfs&amp;appicationVersion=Build+Version%3A+1.1.0] but found [http://devops-deve.kifiya.et:8082/mfs-admin/],
	expected [http://devops-deve.kifiya.et:8082/mfs-admin/dashboard?loggedInUserName=mfs&amp;appicationVersion=Build+Version%3A+1.1.0] but found [http://devops-deve.kifiya.et:8082/mfs-admin/authenticate],
	expected [http://devops-deve.kifiya.et:8082/mfs-admin/dashboard?loggedInUserName=mfs&amp;appicationVersion=Build+Version%3A+1.1.0] but found [http://devops-deve.kifiya.et:8082/mfs-admin/authenticate],
	expected [http://devops-deve.kifiya.et:8082/mfs-admin/dashboard?loggedInUserName=mfs&amp;appicationVersion=Build+Version%3A+1.1.0] but found [http://devops-deve.kifiya.et:8082/mfs-admin/authenticate],
	expected [http://devops-deve.kifiya.et:8082/mfs-admin/dashboard?loggedInUserName=mfs&amp;appicationVersion=Build+Version%3A+1.1.0] but found [http://devops-deve.kifiya.et:8082/mfs-admin/authenticate],
	expected [http://devops-deve.kifiya.et:8082/mfs-admin/dashboard?loggedInUserName=mfs&amp;appicationVersion=Build+Version%3A+1.1.0] but found [http://devops-deve.kifiya.et:8082/mfs-admin/authenticate]">
      <![CDATA[java.lang.AssertionError: The following asserts failed:
expected [http://devops-deve.kifiya.et:8082/mfs-admin/dashboard?loggedInUserName=mfs&appicationVersion=Build+Version%3A+1.1.0] but found [http://devops-deve.kifiya.et:8082/mfs-admin/],
expected [http://devops-deve.kifiya.et:8082/mfs-admin/dashboard?loggedInUserName=mfs&appicationVersion=Build+Version%3A+1.1.0] but found [http://devops-deve.kifiya.et:8082/mfs-admin/],
expected [http://devops-deve.kifiya.et:8082/mfs-admin/dashboard?loggedInUserName=mfs&appicationVersion=Build+Version%3A+1.1.0] but found [http://devops-deve.kifiya.et:8082/mfs-admin/],
expected [http://devops-deve.kifiya.et:8082/mfs-admin/dashboard?loggedInUserName=mfs&appicationVersion=Build+Version%3A+1.1.0] but found [http://devops-deve.kifiya.et:8082/mfs-admin/],
expected [http://devops-deve.kifiya.et:8082/mfs-admin/dashboard?loggedInUserName=mfs&appicationVersion=Build+Version%3A+1.1.0] but found [http://devops-deve.kifiya.et:8082/mfs-admin/authenticate],
expected [http://devops-deve.kifiya.et:8082/mfs-admin/dashboard?loggedInUserName=mfs&appicationVersion=Build+Version%3A+1.1.0] but found [http://devops-deve.kifiya.et:8082/mfs-admin/authenticate],
expected [http://devops-deve.kifiya.et:8082/mfs-admin/dashboard?loggedInUserName=mfs&appicationVersion=Build+Version%3A+1.1.0] but found [http://devops-deve.kifiya.et:8082/mfs-admin/authenticate],
expected [http://devops-deve.kifiya.et:8082/mfs-admin/dashboard?loggedInUserName=mfs&appicationVersion=Build+Version%3A+1.1.0] but found [http://devops-deve.kifiya.et:8082/mfs-admin/authenticate],
expected [http://devops-deve.kifiya.et:8082/mfs-admin/dashboard?loggedInUserName=mfs&appicationVersion=Build+Version%3A+1.1.0] but found [http://devops-deve.kifiya.et:8082/mfs-admin/authenticate]
at org.testng.asserts.SoftAssert.assertAll(SoftAssert.java:43)
at TestCases.LoginDataProvider.login(LoginDataProvider.java:60)
at sun.reflect.NativeMethodAccessorImpl.invoke0(Native Method)
at sun.reflect.NativeMethodAccessorImpl.invoke(Unknown Source)
at sun.reflect.DelegatingMethodAccessorImpl.invoke(Unknown Source)
at java.lang.reflect.Method.invoke(Unknown Source)
at org.testng.internal.MethodInvocationHelper.invokeMethod(MethodInvocationHelper.java:124)
at org.testng.internal.Invoker.invokeMethod(Invoker.java:583)
at org.testng.internal.Invoker.invokeTestMethod(Invoker.java:719)
at org.testng.internal.Invoker.invokeTestMethods(Invoker.java:989)
at org.testng.internal.TestMethodWorker.invokeTestMethods(TestMethodWorker.java:125)
at org.testng.internal.TestMethodWorker.run(TestMethodWorker.java:109)
at org.testng.TestRunner.privateRun(TestRunner.java:648)
at org.testng.TestRunner.run(TestRunner.java:505)
at org.testng.SuiteRunner.runTest(SuiteRunner.java:455)
at org.testng.SuiteRunner.runSequentially(SuiteRunner.java:450)
at org.testng.SuiteRunner.privateRun(SuiteRunner.java:415)
at org.testng.SuiteRunner.run(SuiteRunner.java:364)
at org.testng.SuiteRunnerWorker.runSuite(SuiteRunnerWorker.java:52)
at org.testng.SuiteRunnerWorker.run(SuiteRunnerWorker.java:84)
at org.testng.TestNG.runSuitesSequentially(TestNG.java:1208)
at org.testng.TestNG.runSuitesLocally(TestNG.java:1137)
at org.testng.TestNG.runSuites(TestNG.java:1049)
at org.testng.TestNG.run(TestNG.java:1017)
at org.testng.remote.AbstractRemoteTestNG.run(AbstractRemoteTestNG.java:115)
at org.testng.remote.RemoteTestNG.initAndRun(RemoteTestNG.java:251)
at org.testng.remote.RemoteTestNG.main(RemoteTestNG.java:77)
]]>
    </failure>
  </testcase> <!-- login -->
</testsuite> <!-- TestCases.LoginDataProvider -->
