<html>
<head>
<title>TestNG:  LoginFromFileInput</title>
<link href="../testng.css" rel="stylesheet" type="text/css" />
<link href="../my-testng.css" rel="stylesheet" type="text/css" />

<style type="text/css">
.log { display: none;} 
.stack-trace { display: none;} 
</style>
<script type="text/javascript">
<!--
function flip(e) {
  current = e.style.display;
  if (current == 'block') {
    e.style.display = 'none';
    return 0;
  }
  else {
    e.style.display = 'block';
    return 1;
  }
}

function toggleBox(szDivId, elem, msg1, msg2)
{
  var res = -1;  if (document.getElementById) {
    res = flip(document.getElementById(szDivId));
  }
  else if (document.all) {
    // this is the way old msie versions work
    res = flip(document.all[szDivId]);
  }
  if(elem) {
    if(res == 0) elem.innerHTML = msg1; else elem.innerHTML = msg2;
  }

}

function toggleAllBoxes() {
  if (document.getElementsByTagName) {
    d = document.getElementsByTagName('div');
    for (i = 0; i < d.length; i++) {
      if (d[i].className == 'log') {
        flip(d[i]);
      }
    }
  }
}

// -->
</script>

</head>
<body>
<h2 align='center'>LoginFromFileInput</h2><table border='1' align="center">
<tr>
<td>Tests passed/Failed/Skipped:</td><td>1/9/0</td>
</tr><tr>
<td>Started on:</td><td>Fri May 31 10:35:37 EAT 2019</td>
</tr>
<tr><td>Total time:</td><td>41 seconds (41057 ms)</td>
</tr><tr>
<td>Included groups:</td><td></td>
</tr><tr>
<td>Excluded groups:</td><td></td>
</tr>
</table><p/>
<small><i>(Hover the method name to see the test class name)</i></small><p/>
<table width='100%' border='1' class='invocation-failed'>
<tr><td colspan='4' align='center'><b>FAILED TESTS</b></td></tr>
<tr><td><b>Test method</b></td>
<td width="30%"><b>Exception</b></td>
<td width="10%"><b>Time (seconds)</b></td>
<td><b>Instance</b></td>
</tr>
<tr>
<td title='TestCases.LoginDataProvider.login()'><b>login</b><br>Test class: TestCases.LoginDataProvider<br>Parameters: null, null<br/>
<a href="#Output-312168418" onClick='toggleBox("Output-312168418", this, "Show output", "Hide output");'>Show output</a>

<a href="#Output-312168418" onClick="toggleAllBoxes();">Show all outputs</a>
<div class='log' id="Output-312168418">
Failed : login(null,null)<br/>
</div>
</td>
<td><div><pre>java.lang.AssertionError: expected [http://devops-deve.kifiya.et:8082/mfs-admin/dashboard?loggedInUserName=mfs&amp;appicationVersion=Build+Version%3A+1.1.0] but found [http://devops-deve.kifiya.et:8082/mfs-admin/]
	at TestCases.LoginDataProvider.login(LoginDataProvider.java:57)
... Removed 31 stack frames</pre></div><a href='#' onClick='toggleBox("stack-trace312168418", this, "Click to show all stack frames", "Click to hide stack frames")'>Click to show all stack frames</a>
<div class='stack-trace' id='stack-trace312168418'><pre>java.lang.AssertionError: expected [http://devops-deve.kifiya.et:8082/mfs-admin/dashboard?loggedInUserName=mfs&amp;appicationVersion=Build+Version%3A+1.1.0] but found [http://devops-deve.kifiya.et:8082/mfs-admin/]
	at org.testng.Assert.fail(Assert.java:96)
	at org.testng.Assert.failNotEquals(Assert.java:776)
	at org.testng.Assert.assertEqualsImpl(Assert.java:137)
	at org.testng.Assert.assertEquals(Assert.java:118)
	at org.testng.Assert.assertEquals(Assert.java:453)
	at org.testng.Assert.assertEquals(Assert.java:463)
	at TestCases.LoginDataProvider.login(LoginDataProvider.java:57)
	at sun.reflect.NativeMethodAccessorImpl.invoke0(Native Method)
	at sun.reflect.NativeMethodAccessorImpl.invoke(Unknown Source)
	at sun.reflect.DelegatingMethodAccessorImpl.invoke(Unknown Source)
	at java.lang.reflect.Method.invoke(Unknown Source)
	at org.testng.internal.MethodInvocationHelper.invokeMethod(MethodInvocationHelper.java:124)
	at org.testng.internal.Invoker.invokeMethod(Invoker.java:583)
	at org.testng.internal.Invoker.invokeTestMethod(Invoker.java:719)
	at org.testng.internal.Invoker.invokeTestMethods(Invoker.java:989)
	at org.testng.internal.TestMethodWorker.invokeTestMethods(TestMethodWorker.java:125)
	at org.testng.internal.TestMethodWorker.run(TestMethodWorker.java:109)
	at org.testng.TestRunner.privateRun(TestRunner.java:648)
	at org.testng.TestRunner.run(TestRunner.java:505)
	at org.testng.SuiteRunner.runTest(SuiteRunner.java:455)
	at org.testng.SuiteRunner.runSequentially(SuiteRunner.java:450)
	at org.testng.SuiteRunner.privateRun(SuiteRunner.java:415)
	at org.testng.SuiteRunner.run(SuiteRunner.java:364)
	at org.testng.SuiteRunnerWorker.runSuite(SuiteRunnerWorker.java:52)
	at org.testng.SuiteRunnerWorker.run(SuiteRunnerWorker.java:84)
	at org.testng.TestNG.runSuitesSequentially(TestNG.java:1208)
	at org.testng.TestNG.runSuitesLocally(TestNG.java:1137)
	at org.testng.TestNG.runSuites(TestNG.java:1049)
	at org.testng.TestNG.run(TestNG.java:1017)
	at org.testng.remote.AbstractRemoteTestNG.run(AbstractRemoteTestNG.java:115)
	at org.testng.remote.RemoteTestNG.initAndRun(RemoteTestNG.java:251)
	at org.testng.remote.RemoteTestNG.main(RemoteTestNG.java:77)
</pre></div></td>
<td>3</td>
<td>TestCases.LoginDataProvider@7e2d773b</td></tr>
<tr>
<td title='TestCases.LoginDataProvider.login()'><b>login</b><br>Test class: TestCases.LoginDataProvider<br>Parameters: , <br/>
<a href="#Output-677120200" onClick='toggleBox("Output-677120200", this, "Show output", "Hide output");'>Show output</a>

<a href="#Output-677120200" onClick="toggleAllBoxes();">Show all outputs</a>
<div class='log' id="Output-677120200">
Failed : login(,)<br/>
</div>
</td>
<td><div><pre>java.lang.AssertionError: expected [http://devops-deve.kifiya.et:8082/mfs-admin/dashboard?loggedInUserName=mfs&amp;appicationVersion=Build+Version%3A+1.1.0] but found [http://devops-deve.kifiya.et:8082/mfs-admin/]
	at TestCases.LoginDataProvider.login(LoginDataProvider.java:57)
... Removed 31 stack frames</pre></div><a href='#' onClick='toggleBox("stack-trace677120200", this, "Click to show all stack frames", "Click to hide stack frames")'>Click to show all stack frames</a>
<div class='stack-trace' id='stack-trace677120200'><pre>java.lang.AssertionError: expected [http://devops-deve.kifiya.et:8082/mfs-admin/dashboard?loggedInUserName=mfs&amp;appicationVersion=Build+Version%3A+1.1.0] but found [http://devops-deve.kifiya.et:8082/mfs-admin/]
	at org.testng.Assert.fail(Assert.java:96)
	at org.testng.Assert.failNotEquals(Assert.java:776)
	at org.testng.Assert.assertEqualsImpl(Assert.java:137)
	at org.testng.Assert.assertEquals(Assert.java:118)
	at org.testng.Assert.assertEquals(Assert.java:453)
	at org.testng.Assert.assertEquals(Assert.java:463)
	at TestCases.LoginDataProvider.login(LoginDataProvider.java:57)
	at sun.reflect.NativeMethodAccessorImpl.invoke0(Native Method)
	at sun.reflect.NativeMethodAccessorImpl.invoke(Unknown Source)
	at sun.reflect.DelegatingMethodAccessorImpl.invoke(Unknown Source)
	at java.lang.reflect.Method.invoke(Unknown Source)
	at org.testng.internal.MethodInvocationHelper.invokeMethod(MethodInvocationHelper.java:124)
	at org.testng.internal.Invoker.invokeMethod(Invoker.java:583)
	at org.testng.internal.Invoker.invokeTestMethod(Invoker.java:719)
	at org.testng.internal.Invoker.invokeTestMethods(Invoker.java:989)
	at org.testng.internal.TestMethodWorker.invokeTestMethods(TestMethodWorker.java:125)
	at org.testng.internal.TestMethodWorker.run(TestMethodWorker.java:109)
	at org.testng.TestRunner.privateRun(TestRunner.java:648)
	at org.testng.TestRunner.run(TestRunner.java:505)
	at org.testng.SuiteRunner.runTest(SuiteRunner.java:455)
	at org.testng.SuiteRunner.runSequentially(SuiteRunner.java:450)
	at org.testng.SuiteRunner.privateRun(SuiteRunner.java:415)
	at org.testng.SuiteRunner.run(SuiteRunner.java:364)
	at org.testng.SuiteRunnerWorker.runSuite(SuiteRunnerWorker.java:52)
	at org.testng.SuiteRunnerWorker.run(SuiteRunnerWorker.java:84)
	at org.testng.TestNG.runSuitesSequentially(TestNG.java:1208)
	at org.testng.TestNG.runSuitesLocally(TestNG.java:1137)
	at org.testng.TestNG.runSuites(TestNG.java:1049)
	at org.testng.TestNG.run(TestNG.java:1017)
	at org.testng.remote.AbstractRemoteTestNG.run(AbstractRemoteTestNG.java:115)
	at org.testng.remote.RemoteTestNG.initAndRun(RemoteTestNG.java:251)
	at org.testng.remote.RemoteTestNG.main(RemoteTestNG.java:77)
</pre></div></td>
<td>3</td>
<td>TestCases.LoginDataProvider@7e2d773b</td></tr>
<tr>
<td title='TestCases.LoginDataProvider.login()'><b>login</b><br>Test class: TestCases.LoginDataProvider<br>Parameters: username, <br/>
<a href="#Output-1946111918" onClick='toggleBox("Output-1946111918", this, "Show output", "Hide output");'>Show output</a>

<a href="#Output-1946111918" onClick="toggleAllBoxes();">Show all outputs</a>
<div class='log' id="Output-1946111918">
Failed : login(username,)<br/>
</div>
</td>
<td><div><pre>java.lang.AssertionError: expected [http://devops-deve.kifiya.et:8082/mfs-admin/dashboard?loggedInUserName=mfs&amp;appicationVersion=Build+Version%3A+1.1.0] but found [http://devops-deve.kifiya.et:8082/mfs-admin/]
	at TestCases.LoginDataProvider.login(LoginDataProvider.java:57)
... Removed 31 stack frames</pre></div><a href='#' onClick='toggleBox("stack-trace1946111918", this, "Click to show all stack frames", "Click to hide stack frames")'>Click to show all stack frames</a>
<div class='stack-trace' id='stack-trace1946111918'><pre>java.lang.AssertionError: expected [http://devops-deve.kifiya.et:8082/mfs-admin/dashboard?loggedInUserName=mfs&amp;appicationVersion=Build+Version%3A+1.1.0] but found [http://devops-deve.kifiya.et:8082/mfs-admin/]
	at org.testng.Assert.fail(Assert.java:96)
	at org.testng.Assert.failNotEquals(Assert.java:776)
	at org.testng.Assert.assertEqualsImpl(Assert.java:137)
	at org.testng.Assert.assertEquals(Assert.java:118)
	at org.testng.Assert.assertEquals(Assert.java:453)
	at org.testng.Assert.assertEquals(Assert.java:463)
	at TestCases.LoginDataProvider.login(LoginDataProvider.java:57)
	at sun.reflect.NativeMethodAccessorImpl.invoke0(Native Method)
	at sun.reflect.NativeMethodAccessorImpl.invoke(Unknown Source)
	at sun.reflect.DelegatingMethodAccessorImpl.invoke(Unknown Source)
	at java.lang.reflect.Method.invoke(Unknown Source)
	at org.testng.internal.MethodInvocationHelper.invokeMethod(MethodInvocationHelper.java:124)
	at org.testng.internal.Invoker.invokeMethod(Invoker.java:583)
	at org.testng.internal.Invoker.invokeTestMethod(Invoker.java:719)
	at org.testng.internal.Invoker.invokeTestMethods(Invoker.java:989)
	at org.testng.internal.TestMethodWorker.invokeTestMethods(TestMethodWorker.java:125)
	at org.testng.internal.TestMethodWorker.run(TestMethodWorker.java:109)
	at org.testng.TestRunner.privateRun(TestRunner.java:648)
	at org.testng.TestRunner.run(TestRunner.java:505)
	at org.testng.SuiteRunner.runTest(SuiteRunner.java:455)
	at org.testng.SuiteRunner.runSequentially(SuiteRunner.java:450)
	at org.testng.SuiteRunner.privateRun(SuiteRunner.java:415)
	at org.testng.SuiteRunner.run(SuiteRunner.java:364)
	at org.testng.SuiteRunnerWorker.runSuite(SuiteRunnerWorker.java:52)
	at org.testng.SuiteRunnerWorker.run(SuiteRunnerWorker.java:84)
	at org.testng.TestNG.runSuitesSequentially(TestNG.java:1208)
	at org.testng.TestNG.runSuitesLocally(TestNG.java:1137)
	at org.testng.TestNG.runSuites(TestNG.java:1049)
	at org.testng.TestNG.run(TestNG.java:1017)
	at org.testng.remote.AbstractRemoteTestNG.run(AbstractRemoteTestNG.java:115)
	at org.testng.remote.RemoteTestNG.initAndRun(RemoteTestNG.java:251)
	at org.testng.remote.RemoteTestNG.main(RemoteTestNG.java:77)
</pre></div></td>
<td>2</td>
<td>TestCases.LoginDataProvider@7e2d773b</td></tr>
<tr>
<td title='TestCases.LoginDataProvider.login()'><b>login</b><br>Test class: TestCases.LoginDataProvider<br>Parameters: , password<br/>
<a href="#Output-1705665942" onClick='toggleBox("Output-1705665942", this, "Show output", "Hide output");'>Show output</a>

<a href="#Output-1705665942" onClick="toggleAllBoxes();">Show all outputs</a>
<div class='log' id="Output-1705665942">
Failed : login(,password)<br/>
</div>
</td>
<td><div><pre>java.lang.AssertionError: expected [http://devops-deve.kifiya.et:8082/mfs-admin/dashboard?loggedInUserName=mfs&amp;appicationVersion=Build+Version%3A+1.1.0] but found [http://devops-deve.kifiya.et:8082/mfs-admin/]
	at TestCases.LoginDataProvider.login(LoginDataProvider.java:57)
... Removed 31 stack frames</pre></div><a href='#' onClick='toggleBox("stack-trace1705665942", this, "Click to show all stack frames", "Click to hide stack frames")'>Click to show all stack frames</a>
<div class='stack-trace' id='stack-trace1705665942'><pre>java.lang.AssertionError: expected [http://devops-deve.kifiya.et:8082/mfs-admin/dashboard?loggedInUserName=mfs&amp;appicationVersion=Build+Version%3A+1.1.0] but found [http://devops-deve.kifiya.et:8082/mfs-admin/]
	at org.testng.Assert.fail(Assert.java:96)
	at org.testng.Assert.failNotEquals(Assert.java:776)
	at org.testng.Assert.assertEqualsImpl(Assert.java:137)
	at org.testng.Assert.assertEquals(Assert.java:118)
	at org.testng.Assert.assertEquals(Assert.java:453)
	at org.testng.Assert.assertEquals(Assert.java:463)
	at TestCases.LoginDataProvider.login(LoginDataProvider.java:57)
	at sun.reflect.NativeMethodAccessorImpl.invoke0(Native Method)
	at sun.reflect.NativeMethodAccessorImpl.invoke(Unknown Source)
	at sun.reflect.DelegatingMethodAccessorImpl.invoke(Unknown Source)
	at java.lang.reflect.Method.invoke(Unknown Source)
	at org.testng.internal.MethodInvocationHelper.invokeMethod(MethodInvocationHelper.java:124)
	at org.testng.internal.Invoker.invokeMethod(Invoker.java:583)
	at org.testng.internal.Invoker.invokeTestMethod(Invoker.java:719)
	at org.testng.internal.Invoker.invokeTestMethods(Invoker.java:989)
	at org.testng.internal.TestMethodWorker.invokeTestMethods(TestMethodWorker.java:125)
	at org.testng.internal.TestMethodWorker.run(TestMethodWorker.java:109)
	at org.testng.TestRunner.privateRun(TestRunner.java:648)
	at org.testng.TestRunner.run(TestRunner.java:505)
	at org.testng.SuiteRunner.runTest(SuiteRunner.java:455)
	at org.testng.SuiteRunner.runSequentially(SuiteRunner.java:450)
	at org.testng.SuiteRunner.privateRun(SuiteRunner.java:415)
	at org.testng.SuiteRunner.run(SuiteRunner.java:364)
	at org.testng.SuiteRunnerWorker.runSuite(SuiteRunnerWorker.java:52)
	at org.testng.SuiteRunnerWorker.run(SuiteRunnerWorker.java:84)
	at org.testng.TestNG.runSuitesSequentially(TestNG.java:1208)
	at org.testng.TestNG.runSuitesLocally(TestNG.java:1137)
	at org.testng.TestNG.runSuites(TestNG.java:1049)
	at org.testng.TestNG.run(TestNG.java:1017)
	at org.testng.remote.AbstractRemoteTestNG.run(AbstractRemoteTestNG.java:115)
	at org.testng.remote.RemoteTestNG.initAndRun(RemoteTestNG.java:251)
	at org.testng.remote.RemoteTestNG.main(RemoteTestNG.java:77)
</pre></div></td>
<td>2</td>
<td>TestCases.LoginDataProvider@7e2d773b</td></tr>
<tr>
<td title='TestCases.LoginDataProvider.login()'><b>login</b><br>Test class: TestCases.LoginDataProvider<br>Parameters: username, password<br/>
<a href="#Output-635288507" onClick='toggleBox("Output-635288507", this, "Show output", "Hide output");'>Show output</a>

<a href="#Output-635288507" onClick="toggleAllBoxes();">Show all outputs</a>
<div class='log' id="Output-635288507">
Failed : login(username,password)<br/>
</div>
</td>
<td><div><pre>java.lang.AssertionError: expected [http://devops-deve.kifiya.et:8082/mfs-admin/dashboard?loggedInUserName=mfs&amp;appicationVersion=Build+Version%3A+1.1.0] but found [http://devops-deve.kifiya.et:8082/mfs-admin/authenticate]
	at TestCases.LoginDataProvider.login(LoginDataProvider.java:57)
... Removed 31 stack frames</pre></div><a href='#' onClick='toggleBox("stack-trace635288507", this, "Click to show all stack frames", "Click to hide stack frames")'>Click to show all stack frames</a>
<div class='stack-trace' id='stack-trace635288507'><pre>java.lang.AssertionError: expected [http://devops-deve.kifiya.et:8082/mfs-admin/dashboard?loggedInUserName=mfs&amp;appicationVersion=Build+Version%3A+1.1.0] but found [http://devops-deve.kifiya.et:8082/mfs-admin/authenticate]
	at org.testng.Assert.fail(Assert.java:96)
	at org.testng.Assert.failNotEquals(Assert.java:776)
	at org.testng.Assert.assertEqualsImpl(Assert.java:137)
	at org.testng.Assert.assertEquals(Assert.java:118)
	at org.testng.Assert.assertEquals(Assert.java:453)
	at org.testng.Assert.assertEquals(Assert.java:463)
	at TestCases.LoginDataProvider.login(LoginDataProvider.java:57)
	at sun.reflect.NativeMethodAccessorImpl.invoke0(Native Method)
	at sun.reflect.NativeMethodAccessorImpl.invoke(Unknown Source)
	at sun.reflect.DelegatingMethodAccessorImpl.invoke(Unknown Source)
	at java.lang.reflect.Method.invoke(Unknown Source)
	at org.testng.internal.MethodInvocationHelper.invokeMethod(MethodInvocationHelper.java:124)
	at org.testng.internal.Invoker.invokeMethod(Invoker.java:583)
	at org.testng.internal.Invoker.invokeTestMethod(Invoker.java:719)
	at org.testng.internal.Invoker.invokeTestMethods(Invoker.java:989)
	at org.testng.internal.TestMethodWorker.invokeTestMethods(TestMethodWorker.java:125)
	at org.testng.internal.TestMethodWorker.run(TestMethodWorker.java:109)
	at org.testng.TestRunner.privateRun(TestRunner.java:648)
	at org.testng.TestRunner.run(TestRunner.java:505)
	at org.testng.SuiteRunner.runTest(SuiteRunner.java:455)
	at org.testng.SuiteRunner.runSequentially(SuiteRunner.java:450)
	at org.testng.SuiteRunner.privateRun(SuiteRunner.java:415)
	at org.testng.SuiteRunner.run(SuiteRunner.java:364)
	at org.testng.SuiteRunnerWorker.runSuite(SuiteRunnerWorker.java:52)
	at org.testng.SuiteRunnerWorker.run(SuiteRunnerWorker.java:84)
	at org.testng.TestNG.runSuitesSequentially(TestNG.java:1208)
	at org.testng.TestNG.runSuitesLocally(TestNG.java:1137)
	at org.testng.TestNG.runSuites(TestNG.java:1049)
	at org.testng.TestNG.run(TestNG.java:1017)
	at org.testng.remote.AbstractRemoteTestNG.run(AbstractRemoteTestNG.java:115)
	at org.testng.remote.RemoteTestNG.initAndRun(RemoteTestNG.java:251)
	at org.testng.remote.RemoteTestNG.main(RemoteTestNG.java:77)
</pre></div></td>
<td>2</td>
<td>TestCases.LoginDataProvider@7e2d773b</td></tr>
<tr>
<td title='TestCases.LoginDataProvider.login()'><b>login</b><br>Test class: TestCases.LoginDataProvider<br>Parameters: mfs, password<br/>
<a href="#Output-99770475" onClick='toggleBox("Output-99770475", this, "Show output", "Hide output");'>Show output</a>

<a href="#Output-99770475" onClick="toggleAllBoxes();">Show all outputs</a>
<div class='log' id="Output-99770475">
Failed : login(mfs,password)<br/>
</div>
</td>
<td><div><pre>java.lang.AssertionError: expected [http://devops-deve.kifiya.et:8082/mfs-admin/dashboard?loggedInUserName=mfs&amp;appicationVersion=Build+Version%3A+1.1.0] but found [http://devops-deve.kifiya.et:8082/mfs-admin/authenticate]
	at TestCases.LoginDataProvider.login(LoginDataProvider.java:57)
... Removed 31 stack frames</pre></div><a href='#' onClick='toggleBox("stack-trace99770475", this, "Click to show all stack frames", "Click to hide stack frames")'>Click to show all stack frames</a>
<div class='stack-trace' id='stack-trace99770475'><pre>java.lang.AssertionError: expected [http://devops-deve.kifiya.et:8082/mfs-admin/dashboard?loggedInUserName=mfs&amp;appicationVersion=Build+Version%3A+1.1.0] but found [http://devops-deve.kifiya.et:8082/mfs-admin/authenticate]
	at org.testng.Assert.fail(Assert.java:96)
	at org.testng.Assert.failNotEquals(Assert.java:776)
	at org.testng.Assert.assertEqualsImpl(Assert.java:137)
	at org.testng.Assert.assertEquals(Assert.java:118)
	at org.testng.Assert.assertEquals(Assert.java:453)
	at org.testng.Assert.assertEquals(Assert.java:463)
	at TestCases.LoginDataProvider.login(LoginDataProvider.java:57)
	at sun.reflect.NativeMethodAccessorImpl.invoke0(Native Method)
	at sun.reflect.NativeMethodAccessorImpl.invoke(Unknown Source)
	at sun.reflect.DelegatingMethodAccessorImpl.invoke(Unknown Source)
	at java.lang.reflect.Method.invoke(Unknown Source)
	at org.testng.internal.MethodInvocationHelper.invokeMethod(MethodInvocationHelper.java:124)
	at org.testng.internal.Invoker.invokeMethod(Invoker.java:583)
	at org.testng.internal.Invoker.invokeTestMethod(Invoker.java:719)
	at org.testng.internal.Invoker.invokeTestMethods(Invoker.java:989)
	at org.testng.internal.TestMethodWorker.invokeTestMethods(TestMethodWorker.java:125)
	at org.testng.internal.TestMethodWorker.run(TestMethodWorker.java:109)
	at org.testng.TestRunner.privateRun(TestRunner.java:648)
	at org.testng.TestRunner.run(TestRunner.java:505)
	at org.testng.SuiteRunner.runTest(SuiteRunner.java:455)
	at org.testng.SuiteRunner.runSequentially(SuiteRunner.java:450)
	at org.testng.SuiteRunner.privateRun(SuiteRunner.java:415)
	at org.testng.SuiteRunner.run(SuiteRunner.java:364)
	at org.testng.SuiteRunnerWorker.runSuite(SuiteRunnerWorker.java:52)
	at org.testng.SuiteRunnerWorker.run(SuiteRunnerWorker.java:84)
	at org.testng.TestNG.runSuitesSequentially(TestNG.java:1208)
	at org.testng.TestNG.runSuitesLocally(TestNG.java:1137)
	at org.testng.TestNG.runSuites(TestNG.java:1049)
	at org.testng.TestNG.run(TestNG.java:1017)
	at org.testng.remote.AbstractRemoteTestNG.run(AbstractRemoteTestNG.java:115)
	at org.testng.remote.RemoteTestNG.initAndRun(RemoteTestNG.java:251)
	at org.testng.remote.RemoteTestNG.main(RemoteTestNG.java:77)
</pre></div></td>
<td>2</td>
<td>TestCases.LoginDataProvider@7e2d773b</td></tr>
<tr>
<td title='TestCases.LoginDataProvider.login()'><b>login</b><br>Test class: TestCases.LoginDataProvider<br>Parameters: username, system<br/>
<a href="#Output-115945887" onClick='toggleBox("Output-115945887", this, "Show output", "Hide output");'>Show output</a>

<a href="#Output-115945887" onClick="toggleAllBoxes();">Show all outputs</a>
<div class='log' id="Output-115945887">
Failed : login(username,system)<br/>
</div>
</td>
<td><div><pre>java.lang.AssertionError: expected [http://devops-deve.kifiya.et:8082/mfs-admin/dashboard?loggedInUserName=mfs&amp;appicationVersion=Build+Version%3A+1.1.0] but found [http://devops-deve.kifiya.et:8082/mfs-admin/authenticate]
	at TestCases.LoginDataProvider.login(LoginDataProvider.java:57)
... Removed 31 stack frames</pre></div><a href='#' onClick='toggleBox("stack-trace115945887", this, "Click to show all stack frames", "Click to hide stack frames")'>Click to show all stack frames</a>
<div class='stack-trace' id='stack-trace115945887'><pre>java.lang.AssertionError: expected [http://devops-deve.kifiya.et:8082/mfs-admin/dashboard?loggedInUserName=mfs&amp;appicationVersion=Build+Version%3A+1.1.0] but found [http://devops-deve.kifiya.et:8082/mfs-admin/authenticate]
	at org.testng.Assert.fail(Assert.java:96)
	at org.testng.Assert.failNotEquals(Assert.java:776)
	at org.testng.Assert.assertEqualsImpl(Assert.java:137)
	at org.testng.Assert.assertEquals(Assert.java:118)
	at org.testng.Assert.assertEquals(Assert.java:453)
	at org.testng.Assert.assertEquals(Assert.java:463)
	at TestCases.LoginDataProvider.login(LoginDataProvider.java:57)
	at sun.reflect.NativeMethodAccessorImpl.invoke0(Native Method)
	at sun.reflect.NativeMethodAccessorImpl.invoke(Unknown Source)
	at sun.reflect.DelegatingMethodAccessorImpl.invoke(Unknown Source)
	at java.lang.reflect.Method.invoke(Unknown Source)
	at org.testng.internal.MethodInvocationHelper.invokeMethod(MethodInvocationHelper.java:124)
	at org.testng.internal.Invoker.invokeMethod(Invoker.java:583)
	at org.testng.internal.Invoker.invokeTestMethod(Invoker.java:719)
	at org.testng.internal.Invoker.invokeTestMethods(Invoker.java:989)
	at org.testng.internal.TestMethodWorker.invokeTestMethods(TestMethodWorker.java:125)
	at org.testng.internal.TestMethodWorker.run(TestMethodWorker.java:109)
	at org.testng.TestRunner.privateRun(TestRunner.java:648)
	at org.testng.TestRunner.run(TestRunner.java:505)
	at org.testng.SuiteRunner.runTest(SuiteRunner.java:455)
	at org.testng.SuiteRunner.runSequentially(SuiteRunner.java:450)
	at org.testng.SuiteRunner.privateRun(SuiteRunner.java:415)
	at org.testng.SuiteRunner.run(SuiteRunner.java:364)
	at org.testng.SuiteRunnerWorker.runSuite(SuiteRunnerWorker.java:52)
	at org.testng.SuiteRunnerWorker.run(SuiteRunnerWorker.java:84)
	at org.testng.TestNG.runSuitesSequentially(TestNG.java:1208)
	at org.testng.TestNG.runSuitesLocally(TestNG.java:1137)
	at org.testng.TestNG.runSuites(TestNG.java:1049)
	at org.testng.TestNG.run(TestNG.java:1017)
	at org.testng.remote.AbstractRemoteTestNG.run(AbstractRemoteTestNG.java:115)
	at org.testng.remote.RemoteTestNG.initAndRun(RemoteTestNG.java:251)
	at org.testng.remote.RemoteTestNG.main(RemoteTestNG.java:77)
</pre></div></td>
<td>2</td>
<td>TestCases.LoginDataProvider@7e2d773b</td></tr>
<tr>
<td title='TestCases.LoginDataProvider.login()'><b>login</b><br>Test class: TestCases.LoginDataProvider<br>Parameters: ^&^&^&, system<br/>
<a href="#Output-1856093404" onClick='toggleBox("Output-1856093404", this, "Show output", "Hide output");'>Show output</a>

<a href="#Output-1856093404" onClick="toggleAllBoxes();">Show all outputs</a>
<div class='log' id="Output-1856093404">
Failed : login(^&^&^&,system)<br/>
</div>
</td>
<td><div><pre>java.lang.AssertionError: expected [http://devops-deve.kifiya.et:8082/mfs-admin/dashboard?loggedInUserName=mfs&amp;appicationVersion=Build+Version%3A+1.1.0] but found [http://devops-deve.kifiya.et:8082/mfs-admin/authenticate]
	at TestCases.LoginDataProvider.login(LoginDataProvider.java:57)
... Removed 31 stack frames</pre></div><a href='#' onClick='toggleBox("stack-trace1856093404", this, "Click to show all stack frames", "Click to hide stack frames")'>Click to show all stack frames</a>
<div class='stack-trace' id='stack-trace1856093404'><pre>java.lang.AssertionError: expected [http://devops-deve.kifiya.et:8082/mfs-admin/dashboard?loggedInUserName=mfs&amp;appicationVersion=Build+Version%3A+1.1.0] but found [http://devops-deve.kifiya.et:8082/mfs-admin/authenticate]
	at org.testng.Assert.fail(Assert.java:96)
	at org.testng.Assert.failNotEquals(Assert.java:776)
	at org.testng.Assert.assertEqualsImpl(Assert.java:137)
	at org.testng.Assert.assertEquals(Assert.java:118)
	at org.testng.Assert.assertEquals(Assert.java:453)
	at org.testng.Assert.assertEquals(Assert.java:463)
	at TestCases.LoginDataProvider.login(LoginDataProvider.java:57)
	at sun.reflect.NativeMethodAccessorImpl.invoke0(Native Method)
	at sun.reflect.NativeMethodAccessorImpl.invoke(Unknown Source)
	at sun.reflect.DelegatingMethodAccessorImpl.invoke(Unknown Source)
	at java.lang.reflect.Method.invoke(Unknown Source)
	at org.testng.internal.MethodInvocationHelper.invokeMethod(MethodInvocationHelper.java:124)
	at org.testng.internal.Invoker.invokeMethod(Invoker.java:583)
	at org.testng.internal.Invoker.invokeTestMethod(Invoker.java:719)
	at org.testng.internal.Invoker.invokeTestMethods(Invoker.java:989)
	at org.testng.internal.TestMethodWorker.invokeTestMethods(TestMethodWorker.java:125)
	at org.testng.internal.TestMethodWorker.run(TestMethodWorker.java:109)
	at org.testng.TestRunner.privateRun(TestRunner.java:648)
	at org.testng.TestRunner.run(TestRunner.java:505)
	at org.testng.SuiteRunner.runTest(SuiteRunner.java:455)
	at org.testng.SuiteRunner.runSequentially(SuiteRunner.java:450)
	at org.testng.SuiteRunner.privateRun(SuiteRunner.java:415)
	at org.testng.SuiteRunner.run(SuiteRunner.java:364)
	at org.testng.SuiteRunnerWorker.runSuite(SuiteRunnerWorker.java:52)
	at org.testng.SuiteRunnerWorker.run(SuiteRunnerWorker.java:84)
	at org.testng.TestNG.runSuitesSequentially(TestNG.java:1208)
	at org.testng.TestNG.runSuitesLocally(TestNG.java:1137)
	at org.testng.TestNG.runSuites(TestNG.java:1049)
	at org.testng.TestNG.run(TestNG.java:1017)
	at org.testng.remote.AbstractRemoteTestNG.run(AbstractRemoteTestNG.java:115)
	at org.testng.remote.RemoteTestNG.initAndRun(RemoteTestNG.java:251)
	at org.testng.remote.RemoteTestNG.main(RemoteTestNG.java:77)
</pre></div></td>
<td>2</td>
<td>TestCases.LoginDataProvider@7e2d773b</td></tr>
<tr>
<td title='TestCases.LoginDataProvider.login()'><b>login</b><br>Test class: TestCases.LoginDataProvider<br>Parameters: mfs, (*&&****<br/>
<a href="#Output-1057569470" onClick='toggleBox("Output-1057569470", this, "Show output", "Hide output");'>Show output</a>

<a href="#Output-1057569470" onClick="toggleAllBoxes();">Show all outputs</a>
<div class='log' id="Output-1057569470">
Failed : login(mfs,(*&&****)<br/>
</div>
</td>
<td><div><pre>java.lang.AssertionError: expected [http://devops-deve.kifiya.et:8082/mfs-admin/dashboard?loggedInUserName=mfs&amp;appicationVersion=Build+Version%3A+1.1.0] but found [http://devops-deve.kifiya.et:8082/mfs-admin/authenticate]
	at TestCases.LoginDataProvider.login(LoginDataProvider.java:57)
... Removed 31 stack frames</pre></div><a href='#' onClick='toggleBox("stack-trace1057569470", this, "Click to show all stack frames", "Click to hide stack frames")'>Click to show all stack frames</a>
<div class='stack-trace' id='stack-trace1057569470'><pre>java.lang.AssertionError: expected [http://devops-deve.kifiya.et:8082/mfs-admin/dashboard?loggedInUserName=mfs&amp;appicationVersion=Build+Version%3A+1.1.0] but found [http://devops-deve.kifiya.et:8082/mfs-admin/authenticate]
	at org.testng.Assert.fail(Assert.java:96)
	at org.testng.Assert.failNotEquals(Assert.java:776)
	at org.testng.Assert.assertEqualsImpl(Assert.java:137)
	at org.testng.Assert.assertEquals(Assert.java:118)
	at org.testng.Assert.assertEquals(Assert.java:453)
	at org.testng.Assert.assertEquals(Assert.java:463)
	at TestCases.LoginDataProvider.login(LoginDataProvider.java:57)
	at sun.reflect.NativeMethodAccessorImpl.invoke0(Native Method)
	at sun.reflect.NativeMethodAccessorImpl.invoke(Unknown Source)
	at sun.reflect.DelegatingMethodAccessorImpl.invoke(Unknown Source)
	at java.lang.reflect.Method.invoke(Unknown Source)
	at org.testng.internal.MethodInvocationHelper.invokeMethod(MethodInvocationHelper.java:124)
	at org.testng.internal.Invoker.invokeMethod(Invoker.java:583)
	at org.testng.internal.Invoker.invokeTestMethod(Invoker.java:719)
	at org.testng.internal.Invoker.invokeTestMethods(Invoker.java:989)
	at org.testng.internal.TestMethodWorker.invokeTestMethods(TestMethodWorker.java:125)
	at org.testng.internal.TestMethodWorker.run(TestMethodWorker.java:109)
	at org.testng.TestRunner.privateRun(TestRunner.java:648)
	at org.testng.TestRunner.run(TestRunner.java:505)
	at org.testng.SuiteRunner.runTest(SuiteRunner.java:455)
	at org.testng.SuiteRunner.runSequentially(SuiteRunner.java:450)
	at org.testng.SuiteRunner.privateRun(SuiteRunner.java:415)
	at org.testng.SuiteRunner.run(SuiteRunner.java:364)
	at org.testng.SuiteRunnerWorker.runSuite(SuiteRunnerWorker.java:52)
	at org.testng.SuiteRunnerWorker.run(SuiteRunnerWorker.java:84)
	at org.testng.TestNG.runSuitesSequentially(TestNG.java:1208)
	at org.testng.TestNG.runSuitesLocally(TestNG.java:1137)
	at org.testng.TestNG.runSuites(TestNG.java:1049)
	at org.testng.TestNG.run(TestNG.java:1017)
	at org.testng.remote.AbstractRemoteTestNG.run(AbstractRemoteTestNG.java:115)
	at org.testng.remote.RemoteTestNG.initAndRun(RemoteTestNG.java:251)
	at org.testng.remote.RemoteTestNG.main(RemoteTestNG.java:77)
</pre></div></td>
<td>2</td>
<td>TestCases.LoginDataProvider@7e2d773b</td></tr>
</table><p>
<table width='100%' border='1' class='invocation-passed'>
<tr><td colspan='4' align='center'><b>PASSED TESTS</b></td></tr>
<tr><td><b>Test method</b></td>
<td width="30%"><b>Exception</b></td>
<td width="10%"><b>Time (seconds)</b></td>
<td><b>Instance</b></td>
</tr>
<tr>
<td title='TestCases.LoginDataProvider.login()'><b>login</b><br>Test class: TestCases.LoginDataProvider<br>Parameters: mfs, system<br/>
<a href="#Output-1676888944" onClick='toggleBox("Output-1676888944", this, "Show output", "Hide output");'>Show output</a>

<a href="#Output-1676888944" onClick="toggleAllBoxes();">Show all outputs</a>
<div class='log' id="Output-1676888944">
Passed : login(mfs,system)<br/>
</div>
</td>
<td></td>
<td>7</td>
<td>TestCases.LoginDataProvider@7e2d773b</td></tr>
</table><p>
</body>
</html>